#
# There is insufficient memory for the Java Runtime Environment to continue.
# Native memory allocation (mmap) failed to map 98566144 bytes for Failed to commit area from 0x00000000a2400000 to 0x00000000a8200000 of length 98566144.
# Possible reasons:
#   The system is out of physical RAM or swap space
#   The process is running with CompressedOops enabled, and the Java Heap may be blocking the growth of the native heap
# Possible solutions:
#   Reduce memory load on the system
#   Increase physical memory or swap space
#   Check if swap backing store is full
#   Decrease Java heap size (-Xmx/-Xms)
#   Decrease number of Java threads
#   Decrease Java thread stack sizes (-Xss)
#   Set larger code cache with -XX:ReservedCodeCacheSize=
# This output file may be truncated or incomplete.
#
#  Out of Memory Error (./src/hotspot/os/windows/os_windows.cpp:3301), pid=10912, tid=5212
#
# JRE version:  (11.0.11+9) (build )
# Java VM: OpenJDK 64-Bit Server VM (11.0.11+9-b60-7590822, mixed mode, sharing, tiered, compressed oops, g1 gc, windows-amd64)
# No core dump will be written. Minidumps are not enabled by default on client versions of Windows
#

---------------  S U M M A R Y ------------

Command Line: org.jetbrains.kotlin.cli.jvm.K2JVMCompiler @C:\skillbox\MyWorkKotlin\app\build\20220201_12191267213505380994.compiler.options

Host: AMD Ryzen 5 5600H with Radeon Graphics         , 12 cores, 5G,  Windows 10 , 64 bit Build 17763 (10.0.17763.1339)
Time: Tue Feb  1 14:18:40 2022 RTZ 2 (ceia) elapsed time: 0.005924 seconds (0d 0h 0m 0s)

---------------  T H R E A D  ---------------

Current thread (0x000001d4ff1fe800):  JavaThread "Unknown thread" [_thread_in_vm, id=5212, stack(0x000000cafb000000,0x000000cafb100000)]

Stack: [0x000000cafb000000,0x000000cafb100000]
Native frames: (J=compiled Java code, j=interpreted, Vv=VM code, C=native code)
V  [jvm.dll+0x5f214a]
V  [jvm.dll+0x726fb5]
V  [jvm.dll+0x7285cd]
V  [jvm.dll+0x728c83]
V  [jvm.dll+0x243278]
V  [jvm.dll+0x5ef544]
V  [jvm.dll+0x5e4495]
V  [jvm.dll+0x2fec5b]
V  [jvm.dll+0x2febca]
V  [jvm.dll+0x2feaa2]
V  [jvm.dll+0x303986]
V  [jvm.dll+0x34c3a3]
V  [jvm.dll+0x34caa6]
V  [jvm.dll+0x34c4a3]
V  [jvm.dll+0x2d9688]
V  [jvm.dll+0x2da837]
V  [jvm.dll+0x705ba7]
V  [jvm.dll+0x70739c]
V  [jvm.dll+0x3598f9]
V  [jvm.dll+0x6e931e]
V  [jvm.dll+0x3c1c43]
V  [jvm.dll+0x3c3e81]
C  [jli.dll+0x5373]
C  [ucrtbase.dll+0x21ffa]
C  [KERNEL32.DLL+0x17974]
C  [ntdll.dll+0x6a271]


---------------  P R O C E S S  ---------------

Threads class SMR info:
_java_thread_list=0x000001d4fcf78ae0, length=0, elements={
}

Java Threads: ( => current thread )

Other Threads:
  0x000001d4ff217000 GCTaskThread "GC Thread#0" [stack: 0x000000cafb100000,0x000000cafb200000] [id=11940]
  0x000001d4ff23b800 ConcurrentGCThread "G1 Main Marker" [stack: 0x000000cafb200000,0x000000cafb300000] [id=2432]
  0x000001d4ff23c800 ConcurrentGCThread "G1 Conc#0" [stack: 0x000000cafb300000,0x000000cafb400000] [id=4880]

[error occurred during error reporting (printing all threads), id 0xc0000005, EXCEPTION_ACCESS_VIOLATION (0xc0000005) at pc=0x00007ff803769c47]

VM state:not at safepoint (not fully initialized)

VM Mutex/Monitor currently owned by a thread:  ([mutex/lock_event])
[0x000001d4ff1fae30] Heap_lock - owner thread: 0x000001d4ff1fe800

Heap address: 0x00000000a2400000, size: 1500 MB, Compressed Oops mode: Non-zero based: 0x00000000a2400000
Narrow klass base: 0x0000000000000000, Narrow klass shift: 0

GC Heap History (0 events):
No events

Deoptimization events (0 events):
No events

Classes redefined (0 events):
No events

Internal exceptions (0 events):
No events

Events (1 events):
Event: 0.004 Loaded shared library C:\Program Files\Android\Android Studio\jre\bin\zip.dll


Dynamic libraries:
0x00007ff610ce0000 - 0x00007ff610cea000 	C:\Program Files\Android\Android Studio\jre\bin\java.exe
0x00007ff849d90000 - 0x00007ff849f7d000 	C:\Windows\SYSTEM32\ntdll.dll
0x00007ff849150000 - 0x00007ff849203000 	C:\Windows\System32\KERNEL32.DLL
0x00007ff8460c0000 - 0x00007ff846355000 	C:\Windows\System32\KERNELBASE.dll
0x00007ff846e60000 - 0x00007ff846f5a000 	C:\Windows\System32\ucrtbase.dll
0x00007ff82e3b0000 - 0x00007ff82e3c9000 	C:\Program Files\Android\Android Studio\jre\bin\jli.dll
0x00007ff82f8d0000 - 0x00007ff82f8e7000 	C:\Program Files\Android\Android Studio\jre\bin\VCRUNTIME140.dll
0x00007ff848b00000 - 0x00007ff848c97000 	C:\Windows\System32\USER32.dll
0x00007ff846360000 - 0x00007ff846380000 	C:\Windows\System32\win32u.dll
0x00007ff82e720000 - 0x00007ff82e999000 	C:\Windows\WinSxS\amd64_microsoft.windows.common-controls_6595b64144ccf1df_6.0.17763.1339_none_de7015e4534c7114\COMCTL32.dll
0x00007ff847370000 - 0x00007ff847399000 	C:\Windows\System32\GDI32.dll
0x00007ff846ff0000 - 0x00007ff84708e000 	C:\Windows\System32\msvcrt.dll
0x00007ff845f20000 - 0x00007ff8460bb000 	C:\Windows\System32\gdi32full.dll
0x00007ff846b30000 - 0x00007ff846bd0000 	C:\Windows\System32\msvcp_win.dll
0x00007ff849470000 - 0x00007ff84979c000 	C:\Windows\System32\combase.dll
0x00007ff849210000 - 0x00007ff849332000 	C:\Windows\System32\RPCRT4.dll
0x00007ff846bd0000 - 0x00007ff846c4e000 	C:\Windows\System32\bcryptPrimitives.dll
0x00007ff8490c0000 - 0x00007ff8490ee000 	C:\Windows\System32\IMM32.DLL
0x00007ff82ab40000 - 0x00007ff82abdd000 	C:\Program Files\Android\Android Studio\jre\bin\msvcp140.dll
0x00007ff803480000 - 0x00007ff803f55000 	C:\Program Files\Android\Android Studio\jre\bin\server\jvm.dll
0x00007ff847210000 - 0x00007ff8472b3000 	C:\Windows\System32\ADVAPI32.dll
0x00007ff849c80000 - 0x00007ff849d1e000 	C:\Windows\System32\sechost.dll
0x00007ff8473a0000 - 0x00007ff8473a8000 	C:\Windows\System32\PSAPI.DLL
0x00007ff826bc0000 - 0x00007ff826bc9000 	C:\Windows\SYSTEM32\WSOCK32.dll
0x00007ff840b20000 - 0x00007ff840b2a000 	C:\Windows\SYSTEM32\VERSION.dll
0x00007ff83b1a0000 - 0x00007ff83b1c4000 	C:\Windows\SYSTEM32\WINMM.dll
0x00007ff849d20000 - 0x00007ff849d8d000 	C:\Windows\System32\WS2_32.dll
0x00007ff83b170000 - 0x00007ff83b19d000 	C:\Windows\SYSTEM32\WINMMBASE.dll
0x00007ff846ae0000 - 0x00007ff846b2a000 	C:\Windows\System32\cfgmgr32.dll
0x00007ff845e30000 - 0x00007ff845e41000 	C:\Windows\System32\kernel.appcore.dll
0x00007ff841820000 - 0x00007ff841831000 	C:\Program Files\Android\Android Studio\jre\bin\verify.dll
0x00007ff8447f0000 - 0x00007ff8449dd000 	C:\Windows\SYSTEM32\DBGHELP.DLL
0x00007ff806730000 - 0x00007ff80675a000 	C:\Windows\SYSTEM32\dbgcore.DLL
0x00007ff834440000 - 0x00007ff834469000 	C:\Program Files\Android\Android Studio\jre\bin\java.dll
0x00007ff841980000 - 0x00007ff84198b000 	C:\Program Files\Android\Android Studio\jre\bin\jimage.dll
0x00007ff834420000 - 0x00007ff834438000 	C:\Program Files\Android\Android Studio\jre\bin\zip.dll

dbghelp: loaded successfully - version: 4.0.5 - missing functions: none
symbol engine: initialized successfully - sym options: 0x614 - pdb path: .;C:\Program Files\Android\Android Studio\jre\bin;C:\Windows\SYSTEM32;C:\Windows\WinSxS\amd64_microsoft.windows.common-controls_6595b64144ccf1df_6.0.17763.1339_none_de7015e4534c7114;C:\Program Files\Android\Android Studio\jre\bin\server

VM Arguments:
java_command: org.jetbrains.kotlin.cli.jvm.K2JVMCompiler @C:\skillbox\MyWorkKotlin\app\build\20220201_12191267213505380994.compiler.options
java_class_path (initial): C:\Program Files\Android\Android Studio\caches\modules-2\files-2.1\org.jetbrains.kotlin\kotlin-compiler-embeddable\1.6.10\88f2073f4020cdb83132cfe940ceb9a60aba54ea\kotlin-compiler-embeddable-1.6.10.jar;C:\Program Files\Android\Android Studio\caches\modules-2\files-2.1\org.jetbrains.kotlin\kotlin-reflect\1.6.10\1cbe9c92c12a94eea200d23c2bbaedaf3daf5132\kotlin-reflect-1.6.10.jar;C:\Program Files\Android\Android Studio\caches\modules-2\files-2.1\org.jetbrains.kotlin\kotlin-stdlib\1.6.10\b8af3fe6f1ca88526914929add63cf5e7c5049af\kotlin-stdlib-1.6.10.jar;C:\Program Files\Android\Android Studio\caches\modules-2\files-2.1\org.jetbrains.kotlin\kotlin-script-runtime\1.6.10\d0a7ff2e2500ef497ed0214ae40ad3c8387a6164\kotlin-script-runtime-1.6.10.jar;C:\Program Files\Android\Android Studio\caches\modules-2\files-2.1\org.jetbrains.kotlin\kotlin-daemon-embeddable\1.6.10\a56d79bcbea411fa6058e4ecffc2de73e742bd2a\kotlin-daemon-embeddable-1.6.10.jar;C:\Program Files\Android\Android Studio\caches\modules-2\files-2.1\org.jetbrains.intellij.deps\trove4j\1.0.20181211\216c2e14b070f334479d800987affe4054cd563f\trove4j-1.0.20181211.jar;C:\Program Files\Android\Android Studio\caches\modules-2\files-2.1\net.java.dev.jna\jna\5.6.0\330f2244e9030119ab3030fc3fededc86713d9cc\jna-5.6.0.jar;C:\Program Files\Android\Android Studio\caches\modules-2\files-2.1\org.jetbrains\annotations\13.0\919f0dfe192fb4e063e7dacadee7f8bb9a2672a9\annotations-13.0.jar;C:\Program Files\Android\Android Studio\caches\modules-2\files-2.1\org.jetbrains.kotlin\kotlin-stdlib-common\1.6.10\c118700e3a33c8a0d9adc920e9dec0831171925\kotlin-stdlib-common-1.6.10.jar
Launcher Type: SUN_STANDARD

[Global flags]
     intx CICompilerCount                          = 4                                         {product} {ergonomic}
     uint ConcGCThreads                            = 3                                         {product} {ergonomic}
     uint G1ConcRefinementThreads                  = 10                                        {product} {ergonomic}
   size_t G1HeapRegionSize                         = 1048576                                   {product} {ergonomic}
    uintx GCDrainStackTargetSize                   = 64                                        {product} {ergonomic}
   size_t InitialHeapSize                          = 98566144                                  {product} {ergonomic}
   size_t MarkStackSize                            = 4194304                                   {product} {ergonomic}
   size_t MaxHeapSize                              = 1572864000                                {product} {ergonomic}
   size_t MinHeapDeltaBytes                        = 1048576                                   {product} {ergonomic}
    uintx NonNMethodCodeHeapSize                   = 5836300                                {pd product} {ergonomic}
    uintx NonProfiledCodeHeapSize                  = 122910970                              {pd product} {ergonomic}
    uintx ProfiledCodeHeapSize                     = 122910970                              {pd product} {ergonomic}
    uintx ReservedCodeCacheSize                    = 251658240                              {pd product} {ergonomic}
     bool SegmentedCodeCache                       = true                                      {product} {ergonomic}
     bool UseCompressedClassPointers               = true                                 {lp64_product} {ergonomic}
     bool UseCompressedOops                        = true                                 {lp64_product} {ergonomic}
     bool UseG1GC                                  = true                                      {product} {ergonomic}
     bool UseLargePagesIndividualAllocation        = false                                  {pd product} {ergonomic}

Logging:
Log output configuration:
 #0: stdout all=warning uptime,level,tags
 #1: stderr all=off uptime,level,tags

Environment Variables:
PATH=C:\Windows\system32;C:\Windows;C:\Windows\System32\Wbem;C:\Windows\System32\WindowsPowerShell\v1.0\;C:\Program Files (x86)\NVIDIA Corporation\PhysX\Common;C:\Program Files\NVIDIA Corporation\NVIDIA NvDLISR;C:\Users\Александр\AppData\Local\Microsoft\WindowsApps;
USERNAME=Alexandr
OS=Windows_NT
PROCESSOR_IDENTIFIER=AMD64 Family 25 Model 80 Stepping 0, AuthenticAMD



---------------  S Y S T E M  ---------------

OS: Windows 10 , 64 bit Build 17763 (10.0.17763.1339)
OS uptime: 0 days 2:01 hours

CPU:total 12 (initial active 12) (12 cores per cpu, 2 threads per core) family 25 model 80 stepping 0 microcode 0x0, cmov, cx8, fxsr, mmx, sse, sse2, sse3, ssse3, sse4.1, sse4.2, popcnt, avx, avx2, aes, clmul, erms, mmxext, 3dnowpref, lzcnt, sse4a, ht, tsc, tscinvbit, tscinv, bmi1, bmi2,

Memory: 4k page, system-wide physical 5996M (282M free)
TotalPageFile size 8044M (AvailPageFile size 88M)
current process WorkingSet (physical memory assigned to process): 9M, peak: 9M
current process commit charge ("private bytes"): 64M, peak: 158M

vm_info: OpenJDK 64-Bit Server VM (11.0.11+9-b60-7590822) for windows-amd64 JRE (11.0.11+9-b60-7590822), built on Jul 29 2021 21:43:44 by "builder" with MS VC++ 14.0 (VS2015)

END.
